<?xml version="1.0" encoding="UTF-8"?>
<!-- Generated by org.testng.reporters.JUnitReportReporter -->
<testsuite hostname="DESKTOP-5IOQODS" failures="0" tests="1" name="testNG.addbook" time="19.751" errors="0" timestamp="2019-12-18T01:07:24 IST" skipped="0">
  <testcase classname="testNG.addbook" name="addbookfunc" time="19.751"/>
</testsuite> <!-- testNG.addbook -->
